Started GET "/" for 41.186.56.18 at 2018-02-18 19:28:21 +0000
Cannot render console from 41.186.56.18! Allowed networks: 127.0.0.1, ::1, 127.0.0.0/127.255.255.255
Processing by PagesController#index as HTML
  Rendering pages/index.html.erb within layouts/application
  Rendered pages/index.html.erb within layouts/application (1.1ms)
Completed 200 OK in 863ms (Views: 603.5ms)


Started GET "/" for 41.186.56.18 at 2018-02-18 19:33:09 +0000
Cannot render console from 41.186.56.18! Allowed networks: 127.0.0.1, ::1, 127.0.0.0/127.255.255.255
Processing by PagesController#index as HTML
  Rendering pages/index.html.erb within layouts/application
  Rendered pages/index.html.erb within layouts/application (0.4ms)
Completed 200 OK in 16ms (Views: 14.2ms)


Started GET "/home" for 41.186.56.18 at 2018-02-18 19:33:18 +0000
Cannot render console from 41.186.56.18! Allowed networks: 127.0.0.1, ::1, 127.0.0.0/127.255.255.255
Processing by PagesController#home as HTML
  Rendering pages/home.html.erb within layouts/application
  Rendered pages/home.html.erb within layouts/application (0.5ms)
Completed 200 OK in 16ms (Views: 14.6ms)


Started GET "/Explore" for 41.186.56.18 at 2018-02-18 19:33:29 +0000
Cannot render console from 41.186.56.18! Allowed networks: 127.0.0.1, ::1, 127.0.0.0/127.255.255.255
Processing by PagesController#Explore as HTML
  Rendering pages/Explore.html.erb within layouts/application
  Rendered pages/Explore.html.erb within layouts/application (0.4ms)
Completed 200 OK in 16ms (Views: 14.7ms)


Started GET "/profile" for 41.186.56.18 at 2018-02-18 19:33:47 +0000
Cannot render console from 41.186.56.18! Allowed networks: 127.0.0.1, ::1, 127.0.0.0/127.255.255.255
Processing by PagesController#profile as HTML
  Rendering pages/profile.html.erb within layouts/application
  Rendered pages/profile.html.erb within layouts/application (0.6ms)
Completed 200 OK in 21ms (Views: 18.8ms)


Started GET "/" for 41.186.56.27 at 2018-02-18 20:38:15 +0000
Cannot render console from 41.186.56.27! Allowed networks: 127.0.0.1, ::1, 127.0.0.0/127.255.255.255
Processing by PagesController#index as HTML
  Rendering pages/index.html.erb within layouts/application
  Rendered pages/index.html.erb within layouts/application (1.5ms)
Completed 500 Internal Server Error in 6643ms


  
ActionView::Template::Error (couldn't find file 'jquery' with type 'application/javascript'
Checked in these paths: 
  /home/ubuntu/workspace/app/assets/config
  /home/ubuntu/workspace/app/assets/images
  /home/ubuntu/workspace/app/assets/javascripts
  /home/ubuntu/workspace/app/assets/stylesheets
  /usr/local/rvm/gems/ruby-2.4.0/gems/coffee-rails-4.2.2/lib/assets/javascripts
  /usr/local/rvm/gems/ruby-2.4.0/gems/actioncable-5.1.5/lib/assets/compiled
  /usr/local/rvm/gems/ruby-2.4.0/gems/actionview-5.1.5/lib/assets/compiled
  /usr/local/rvm/gems/ruby-2.4.0/gems/turbolinks-source-5.1.0/lib/assets/javascripts
  /home/ubuntu/workspace/node_modules
  /usr/local/rvm/gems/ruby-2.4.0/gems/bootstrap-sass-3.3.7/assets/stylesheets
  /usr/local/rvm/gems/ruby-2.4.0/gems/bootstrap-sass-3.3.7/assets/javascripts
  /usr/local/rvm/gems/ruby-2.4.0/gems/bootstrap-sass-3.3.7/assets/fonts
  /usr/local/rvm/gems/ruby-2.4.0/gems/bootstrap-sass-3.3.7/assets/images):
    4:     <title>Twitter</title>
    5:     <%= csrf_meta_tags %>
    6: 
    7:     <%= stylesheet_link_tag    'application', media: 'all', 'data-turbolinks-track': 'reload' %>
    8:     <%= javascript_include_tag 'application', 'data-turbolinks-track': 'reload' %>
    9:   </head>
   10: 
  
app/assets/javascripts/application.js:12
app/views/layouts/application.html.erb:7:in `_app_views_layouts_application_html_erb___1524733503289714191_35221420'
Started GET "/" for 41.186.56.27 at 2018-02-18 20:41:36 +0000
Cannot render console from 41.186.56.27! Allowed networks: 127.0.0.1, ::1, 127.0.0.0/127.255.255.255
Processing by PagesController#index as HTML
  Rendering pages/index.html.erb within layouts/application
  Rendered pages/index.html.erb within layouts/application (0.5ms)
Completed 500 Internal Server Error in 18ms


  
ActionView::Template::Error (couldn't find file 'jquery' with type 'application/javascript'
Checked in these paths: 
  /home/ubuntu/workspace/app/assets/config
  /home/ubuntu/workspace/app/assets/images
  /home/ubuntu/workspace/app/assets/javascripts
  /home/ubuntu/workspace/app/assets/stylesheets
  /usr/local/rvm/gems/ruby-2.4.0/gems/coffee-rails-4.2.2/lib/assets/javascripts
  /usr/local/rvm/gems/ruby-2.4.0/gems/actioncable-5.1.5/lib/assets/compiled
  /usr/local/rvm/gems/ruby-2.4.0/gems/actionview-5.1.5/lib/assets/compiled
  /usr/local/rvm/gems/ruby-2.4.0/gems/turbolinks-source-5.1.0/lib/assets/javascripts
  /home/ubuntu/workspace/node_modules
  /usr/local/rvm/gems/ruby-2.4.0/gems/bootstrap-sass-3.3.7/assets/stylesheets
  /usr/local/rvm/gems/ruby-2.4.0/gems/bootstrap-sass-3.3.7/assets/javascripts
  /usr/local/rvm/gems/ruby-2.4.0/gems/bootstrap-sass-3.3.7/assets/fonts
  /usr/local/rvm/gems/ruby-2.4.0/gems/bootstrap-sass-3.3.7/assets/images):
    4:     <title>Twitter</title>
    5:     <%= csrf_meta_tags %>
    6: 
    7:     <%= stylesheet_link_tag    'application', media: 'all', 'data-turbolinks-track': 'reload' %>
    8:     <%= javascript_include_tag 'application', 'data-turbolinks-track': 'reload' %>
    9:   </head>
   10: 
  
app/assets/javascripts/application.js:12
app/views/layouts/application.html.erb:7:in `_app_views_layouts_application_html_erb___1524733503289714191_70159690715120'
Started GET "/" for 41.186.56.27 at 2018-02-18 21:39:49 +0000
Cannot render console from 41.186.56.27! Allowed networks: 127.0.0.1, ::1, 127.0.0.0/127.255.255.255
Processing by PagesController#index as HTML
  Rendering pages/index.html.erb within layouts/application
  Rendered pages/index.html.erb within layouts/application (0.9ms)
Completed 500 Internal Server Error in 6037ms


  
ActionView::Template::Error (couldn't find file 'jquery-ui' with type 'application/javascript'
Checked in these paths: 
  /home/ubuntu/workspace/app/assets/config
  /home/ubuntu/workspace/app/assets/images
  /home/ubuntu/workspace/app/assets/javascripts
  /home/ubuntu/workspace/app/assets/stylesheets
  /usr/local/rvm/gems/ruby-2.4.0/gems/coffee-rails-4.2.2/lib/assets/javascripts
  /usr/local/rvm/gems/ruby-2.4.0/gems/jquery-rails-4.3.1/vendor/assets/javascripts
  /usr/local/rvm/gems/ruby-2.4.0/gems/actioncable-5.1.5/lib/assets/compiled
  /usr/local/rvm/gems/ruby-2.4.0/gems/actionview-5.1.5/lib/assets/compiled
  /usr/local/rvm/gems/ruby-2.4.0/gems/turbolinks-source-5.1.0/lib/assets/javascripts
  /home/ubuntu/workspace/node_modules
  /usr/local/rvm/gems/ruby-2.4.0/gems/bootstrap-sass-3.3.7/assets/stylesheets
  /usr/local/rvm/gems/ruby-2.4.0/gems/bootstrap-sass-3.3.7/assets/javascripts
  /usr/local/rvm/gems/ruby-2.4.0/gems/bootstrap-sass-3.3.7/assets/fonts
  /usr/local/rvm/gems/ruby-2.4.0/gems/bootstrap-sass-3.3.7/assets/images):
    4:     <title>Twitter</title>
    5:     <%= csrf_meta_tags %>
    6: 
    7:     <%= stylesheet_link_tag    'application', media: 'all', 'data-turbolinks-track': 'reload' %>
    8:     <%= javascript_include_tag 'application', 'data-turbolinks-track': 'reload' %>
    9:   </head>
   10: 
  
app/assets/javascripts/application.js:17
app/views/layouts/application.html.erb:7:in `_app_views_layouts_application_html_erb__4205784448583132276_39773400'
Started GET "/" for 41.186.56.27 at 2018-02-18 21:55:39 +0000
Cannot render console from 41.186.56.27! Allowed networks: 127.0.0.1, ::1, 127.0.0.0/127.255.255.255
Processing by PagesController#index as HTML
  Rendering pages/index.html.erb within layouts/application
  Rendered pages/index.html.erb within layouts/application (1.4ms)
Completed 500 Internal Server Error in 1264ms


  
ActionView::Template::Error (couldn't find file 'jquery-ui' with type 'text/css'
Checked in these paths: 
  /home/ubuntu/workspace/app/assets/config
  /home/ubuntu/workspace/app/assets/images
  /home/ubuntu/workspace/app/assets/javascripts
  /home/ubuntu/workspace/app/assets/stylesheets
  /usr/local/rvm/gems/ruby-2.4.0/gems/coffee-rails-4.2.2/lib/assets/javascripts
  /usr/local/rvm/gems/ruby-2.4.0/gems/jquery-rails-4.3.1/vendor/assets/javascripts
  /usr/local/rvm/gems/ruby-2.4.0/gems/actioncable-5.1.5/lib/assets/compiled
  /usr/local/rvm/gems/ruby-2.4.0/gems/actionview-5.1.5/lib/assets/compiled
  /usr/local/rvm/gems/ruby-2.4.0/gems/turbolinks-source-5.1.0/lib/assets/javascripts
  /home/ubuntu/workspace/node_modules
  /usr/local/rvm/gems/ruby-2.4.0/gems/bootstrap-sass-3.3.7/assets/stylesheets
  /usr/local/rvm/gems/ruby-2.4.0/gems/bootstrap-sass-3.3.7/assets/javascripts
  /usr/local/rvm/gems/ruby-2.4.0/gems/bootstrap-sass-3.3.7/assets/fonts
  /usr/local/rvm/gems/ruby-2.4.0/gems/bootstrap-sass-3.3.7/assets/images):
    4:     <title>Twitter</title>
    5:     <%= csrf_meta_tags %>
    6: 
    7:     <%= stylesheet_link_tag    'application', media: 'all', 'data-turbolinks-track': 'reload' %>
    8:     <%= javascript_include_tag 'application', 'data-turbolinks-track': 'reload' %>
    9:   </head>
   10: 
  
app/assets/stylesheets/application.scss:15
app/views/layouts/application.html.erb:7:in `_app_views_layouts_application_html_erb__4091875181187345970_29452040'
Started GET "/" for 41.186.56.27 at 2018-02-18 22:06:00 +0000
Cannot render console from 41.186.56.27! Allowed networks: 127.0.0.1, ::1, 127.0.0.0/127.255.255.255
Processing by PagesController#index as HTML
  Rendering pages/index.html.erb within layouts/application
  Rendered pages/index.html.erb within layouts/application (1.1ms)
Completed 500 Internal Server Error in 7149ms


  
ActionView::Template::Error (couldn't find file 'jquery-ui/effect-blind' with type 'application/javascript'
Checked in these paths: 
  /home/ubuntu/workspace/app/assets/config
  /home/ubuntu/workspace/app/assets/images
  /home/ubuntu/workspace/app/assets/javascripts
  /home/ubuntu/workspace/app/assets/stylesheets
  /usr/local/rvm/gems/ruby-2.4.0/gems/coffee-rails-4.2.2/lib/assets/javascripts
  /usr/local/rvm/gems/ruby-2.4.0/gems/jquery-rails-4.3.1/vendor/assets/javascripts
  /usr/local/rvm/gems/ruby-2.4.0/gems/actioncable-5.1.5/lib/assets/compiled
  /usr/local/rvm/gems/ruby-2.4.0/gems/actionview-5.1.5/lib/assets/compiled
  /usr/local/rvm/gems/ruby-2.4.0/gems/turbolinks-source-5.1.0/lib/assets/javascripts
  /home/ubuntu/workspace/node_modules
  /usr/local/rvm/gems/ruby-2.4.0/gems/bootstrap-sass-3.3.7/assets/stylesheets
  /usr/local/rvm/gems/ruby-2.4.0/gems/bootstrap-sass-3.3.7/assets/javascripts
  /usr/local/rvm/gems/ruby-2.4.0/gems/bootstrap-sass-3.3.7/assets/fonts
  /usr/local/rvm/gems/ruby-2.4.0/gems/bootstrap-sass-3.3.7/assets/images):
    4:     <title>Twitter</title>
    5:     <%= csrf_meta_tags %>
    6: 
    7:     <%= stylesheet_link_tag    'application', media: 'all', 'data-turbolinks-track': 'reload' %>
    8:     <%= javascript_include_tag 'application', 'data-turbolinks-track': 'reload' %>
    9:   </head>
   10: 
  
app/assets/javascripts/application.js:17
app/views/layouts/application.html.erb:7:in `_app_views_layouts_application_html_erb__3950922502742702146_70318178477040'
Started GET "/" for 154.68.126.67 at 2018-02-19 09:31:36 +0000
Cannot render console from 154.68.126.67! Allowed networks: 127.0.0.1, ::1, 127.0.0.0/127.255.255.255
Processing by PagesController#index as HTML
  Rendering pages/index.html.erb within layouts/application
  Rendered pages/index.html.erb within layouts/application (8.2ms)
Completed 500 Internal Server Error in 393ms


  
ActionView::Template::Error (couldn't find file 'jquery-ui/effect-blind' with type 'application/javascript'
Checked in these paths: 
  /home/ubuntu/workspace/app/assets/config
  /home/ubuntu/workspace/app/assets/images
  /home/ubuntu/workspace/app/assets/javascripts
  /home/ubuntu/workspace/app/assets/stylesheets
  /usr/local/rvm/gems/ruby-2.4.0/gems/coffee-rails-4.2.2/lib/assets/javascripts
  /usr/local/rvm/gems/ruby-2.4.0/gems/jquery-rails-4.3.1/vendor/assets/javascripts
  /usr/local/rvm/gems/ruby-2.4.0/gems/actioncable-5.1.5/lib/assets/compiled
  /usr/local/rvm/gems/ruby-2.4.0/gems/actionview-5.1.5/lib/assets/compiled
  /usr/local/rvm/gems/ruby-2.4.0/gems/turbolinks-source-5.1.0/lib/assets/javascripts
  /home/ubuntu/workspace/node_modules
  /usr/local/rvm/gems/ruby-2.4.0/gems/bootstrap-sass-3.3.7/assets/stylesheets
  /usr/local/rvm/gems/ruby-2.4.0/gems/bootstrap-sass-3.3.7/assets/javascripts
  /usr/local/rvm/gems/ruby-2.4.0/gems/bootstrap-sass-3.3.7/assets/fonts
  /usr/local/rvm/gems/ruby-2.4.0/gems/bootstrap-sass-3.3.7/assets/images):
    4:     <title>Twitter</title>
    5:     <%= csrf_meta_tags %>
    6: 
    7:     <%= stylesheet_link_tag    'application', media: 'all', 'data-turbolinks-track': 'reload' %>
    8:     <%= javascript_include_tag 'application', 'data-turbolinks-track': 'reload' %>
    9:   </head>
   10: 
  
app/assets/javascripts/application.js:17
app/views/layouts/application.html.erb:7:in `_app_views_layouts_application_html_erb__3950922502742702146_70318110590640'
Started GET "/" for 154.68.126.67 at 2018-02-19 09:35:30 +0000
Cannot render console from 154.68.126.67! Allowed networks: 127.0.0.1, ::1, 127.0.0.0/127.255.255.255
Processing by PagesController#index as HTML
  Rendering pages/index.html.erb within layouts/application
  Rendered pages/index.html.erb within layouts/application (0.6ms)
Completed 500 Internal Server Error in 212ms


  
ActionView::Template::Error (couldn't find file 'jquery-ui/effects/effect-blind' with type 'application/javascript'
Checked in these paths: 
  /home/ubuntu/workspace/app/assets/config
  /home/ubuntu/workspace/app/assets/images
  /home/ubuntu/workspace/app/assets/javascripts
  /home/ubuntu/workspace/app/assets/stylesheets
  /usr/local/rvm/gems/ruby-2.4.0/gems/coffee-rails-4.2.2/lib/assets/javascripts
  /usr/local/rvm/gems/ruby-2.4.0/gems/jquery-rails-4.3.1/vendor/assets/javascripts
  /usr/local/rvm/gems/ruby-2.4.0/gems/actioncable-5.1.5/lib/assets/compiled
  /usr/local/rvm/gems/ruby-2.4.0/gems/actionview-5.1.5/lib/assets/compiled
  /usr/local/rvm/gems/ruby-2.4.0/gems/turbolinks-source-5.1.0/lib/assets/javascripts
  /home/ubuntu/workspace/node_modules
  /usr/local/rvm/gems/ruby-2.4.0/gems/bootstrap-sass-3.3.7/assets/stylesheets
  /usr/local/rvm/gems/ruby-2.4.0/gems/bootstrap-sass-3.3.7/assets/javascripts
  /usr/local/rvm/gems/ruby-2.4.0/gems/bootstrap-sass-3.3.7/assets/fonts
  /usr/local/rvm/gems/ruby-2.4.0/gems/bootstrap-sass-3.3.7/assets/images):
    4:     <title>Twitter</title>
    5:     <%= csrf_meta_tags %>
    6: 
    7:     <%= stylesheet_link_tag    'application', media: 'all', 'data-turbolinks-track': 'reload' %>
    8:     <%= javascript_include_tag 'application', 'data-turbolinks-track': 'reload' %>
    9:   </head>
   10: 
  
app/assets/javascripts/application.js:17
app/views/layouts/application.html.erb:7:in `_app_views_layouts_application_html_erb__3950922502742702146_70318196381760'
Started GET "/" for 154.68.126.67 at 2018-02-19 09:48:05 +0000
Cannot render console from 154.68.126.67! Allowed networks: 127.0.0.1, ::1, 127.0.0.0/127.255.255.255
Processing by PagesController#index as HTML
  Rendering pages/index.html.erb within layouts/application
  Rendered pages/index.html.erb within layouts/application (1.3ms)
Completed 500 Internal Server Error in 16604ms


  
ActionView::Template::Error (couldn't find file 'jquery' with type 'application/javascript'
Checked in these paths: 
  /home/ubuntu/workspace/app/assets/config
  /home/ubuntu/workspace/app/assets/images
  /home/ubuntu/workspace/app/assets/javascripts
  /home/ubuntu/workspace/app/assets/stylesheets
  /usr/local/rvm/gems/ruby-2.4.0/gems/coffee-rails-4.2.2/lib/assets/javascripts
  /usr/local/rvm/gems/ruby-2.4.0/gems/jquery-ui-rails-6.0.1/app/assets/images
  /usr/local/rvm/gems/ruby-2.4.0/gems/jquery-ui-rails-6.0.1/app/assets/javascripts
  /usr/local/rvm/gems/ruby-2.4.0/gems/jquery-ui-rails-6.0.1/app/assets/stylesheets
  /usr/local/rvm/gems/ruby-2.4.0/gems/actioncable-5.1.5/lib/assets/compiled
  /usr/local/rvm/gems/ruby-2.4.0/gems/actionview-5.1.5/lib/assets/compiled
  /usr/local/rvm/gems/ruby-2.4.0/gems/turbolinks-source-5.1.0/lib/assets/javascripts
  /home/ubuntu/workspace/node_modules
  /usr/local/rvm/gems/ruby-2.4.0/gems/bootstrap-sass-3.3.7/assets/stylesheets
  /usr/local/rvm/gems/ruby-2.4.0/gems/bootstrap-sass-3.3.7/assets/javascripts
  /usr/local/rvm/gems/ruby-2.4.0/gems/bootstrap-sass-3.3.7/assets/fonts
  /usr/local/rvm/gems/ruby-2.4.0/gems/bootstrap-sass-3.3.7/assets/images):
    4:     <title>Twitter</title>
    5:     <%= csrf_meta_tags %>
    6: 
    7:     <%= stylesheet_link_tag    'application', media: 'all', 'data-turbolinks-track': 'reload' %>
    8:     <%= javascript_include_tag 'application', 'data-turbolinks-track': 'reload' %>
    9:   </head>
   10: 
  
app/assets/javascripts/application.js:12
app/views/layouts/application.html.erb:7:in `_app_views_layouts_application_html_erb__707198359337610654_24287360'
Started GET "/" for 154.68.126.67 at 2018-02-19 10:07:07 +0000
Cannot render console from 154.68.126.67! Allowed networks: 127.0.0.1, ::1, 127.0.0.0/127.255.255.255
Processing by PagesController#index as HTML
  Rendering pages/index.html.erb within layouts/application
  Rendered pages/index.html.erb within layouts/application (6.2ms)
Completed 500 Internal Server Error in 298ms


  
ActionView::Template::Error (couldn't find file 'jquery' with type 'application/javascript'
Checked in these paths: 
  /home/ubuntu/workspace/app/assets/config
  /home/ubuntu/workspace/app/assets/images
  /home/ubuntu/workspace/app/assets/javascripts
  /home/ubuntu/workspace/app/assets/stylesheets
  /usr/local/rvm/gems/ruby-2.4.0/gems/coffee-rails-4.2.2/lib/assets/javascripts
  /usr/local/rvm/gems/ruby-2.4.0/gems/jquery-ui-rails-6.0.1/app/assets/images
  /usr/local/rvm/gems/ruby-2.4.0/gems/jquery-ui-rails-6.0.1/app/assets/javascripts
  /usr/local/rvm/gems/ruby-2.4.0/gems/jquery-ui-rails-6.0.1/app/assets/stylesheets
  /usr/local/rvm/gems/ruby-2.4.0/gems/actioncable-5.1.5/lib/assets/compiled
  /usr/local/rvm/gems/ruby-2.4.0/gems/actionview-5.1.5/lib/assets/compiled
  /usr/local/rvm/gems/ruby-2.4.0/gems/turbolinks-source-5.1.0/lib/assets/javascripts
  /home/ubuntu/workspace/node_modules
  /usr/local/rvm/gems/ruby-2.4.0/gems/bootstrap-sass-3.3.7/assets/stylesheets
  /usr/local/rvm/gems/ruby-2.4.0/gems/bootstrap-sass-3.3.7/assets/javascripts
  /usr/local/rvm/gems/ruby-2.4.0/gems/bootstrap-sass-3.3.7/assets/fonts
  /usr/local/rvm/gems/ruby-2.4.0/gems/bootstrap-sass-3.3.7/assets/images):
    4:     <title>Twitter</title>
    5:     <%= csrf_meta_tags %>
    6: 
    7:     <%= stylesheet_link_tag    'application', media: 'all', 'data-turbolinks-track': 'reload' %>
    8:     <%= javascript_include_tag 'default', 'data-turbolinks-track': 'reload' %>
    9:   </head>
   10: 
  
app/assets/javascripts/application.js:12
app/views/layouts/application.html.erb:7:in `_app_views_layouts_application_html_erb__707198359337610654_70254473605400'
Started GET "/" for 154.68.126.67 at 2018-02-19 10:08:10 +0000
Cannot render console from 154.68.126.67! Allowed networks: 127.0.0.1, ::1, 127.0.0.0/127.255.255.255
Processing by PagesController#index as HTML
  Rendering pages/index.html.erb within layouts/application
  Rendered pages/index.html.erb within layouts/application (0.5ms)
Completed 500 Internal Server Error in 205ms


  
ActionView::Template::Error (couldn't find file 'jquery' with type 'application/javascript'
Checked in these paths: 
  /home/ubuntu/workspace/app/assets/config
  /home/ubuntu/workspace/app/assets/images
  /home/ubuntu/workspace/app/assets/javascripts
  /home/ubuntu/workspace/app/assets/stylesheets
  /usr/local/rvm/gems/ruby-2.4.0/gems/coffee-rails-4.2.2/lib/assets/javascripts
  /usr/local/rvm/gems/ruby-2.4.0/gems/jquery-ui-rails-6.0.1/app/assets/images
  /usr/local/rvm/gems/ruby-2.4.0/gems/jquery-ui-rails-6.0.1/app/assets/javascripts
  /usr/local/rvm/gems/ruby-2.4.0/gems/jquery-ui-rails-6.0.1/app/assets/stylesheets
  /usr/local/rvm/gems/ruby-2.4.0/gems/actioncable-5.1.5/lib/assets/compiled
  /usr/local/rvm/gems/ruby-2.4.0/gems/actionview-5.1.5/lib/assets/compiled
  /usr/local/rvm/gems/ruby-2.4.0/gems/turbolinks-source-5.1.0/lib/assets/javascripts
  /home/ubuntu/workspace/node_modules
  /usr/local/rvm/gems/ruby-2.4.0/gems/bootstrap-sass-3.3.7/assets/stylesheets
  /usr/local/rvm/gems/ruby-2.4.0/gems/bootstrap-sass-3.3.7/assets/javascripts
  /usr/local/rvm/gems/ruby-2.4.0/gems/bootstrap-sass-3.3.7/assets/fonts
  /usr/local/rvm/gems/ruby-2.4.0/gems/bootstrap-sass-3.3.7/assets/images):
    4:     <title>Twitter</title>
    5:     <%= csrf_meta_tags %>
    6: 
    7:     <%= stylesheet_link_tag    'application', media: 'all', 'data-turbolinks-track': 'reload' %>
    8:     <%= javascript_include_tag 'default', 'data-turbolinks-track': 'reload' %>
    9:   </head>
   10: 
  
app/assets/javascripts/application.js:12
app/views/layouts/application.html.erb:7:in `_app_views_layouts_application_html_erb__707198359337610654_70254476965840'
Started GET "/" for 154.68.126.67 at 2018-02-19 10:29:11 +0000
Cannot render console from 154.68.126.67! Allowed networks: 127.0.0.1, ::1, 127.0.0.0/127.255.255.255
Processing by PagesController#index as HTML
  Rendering pages/index.html.erb within layouts/application
  Rendered pages/index.html.erb within layouts/application (1.9ms)
Completed 500 Internal Server Error in 15161ms


  
ActionView::Template::Error (couldn't find file 'jquery' with type 'application/javascript'
Checked in these paths: 
  /home/ubuntu/workspace/app/assets/config
  /home/ubuntu/workspace/app/assets/images
  /home/ubuntu/workspace/app/assets/javascripts
  /home/ubuntu/workspace/app/assets/stylesheets
  /usr/local/rvm/gems/ruby-2.4.0/gems/coffee-rails-4.2.2/lib/assets/javascripts
  /usr/local/rvm/gems/ruby-2.4.0/gems/jquery-ui-rails-6.0.1/app/assets/images
  /usr/local/rvm/gems/ruby-2.4.0/gems/jquery-ui-rails-6.0.1/app/assets/javascripts
  /usr/local/rvm/gems/ruby-2.4.0/gems/jquery-ui-rails-6.0.1/app/assets/stylesheets
  /usr/local/rvm/gems/ruby-2.4.0/gems/actioncable-5.1.5/lib/assets/compiled
  /usr/local/rvm/gems/ruby-2.4.0/gems/actionview-5.1.5/lib/assets/compiled
  /usr/local/rvm/gems/ruby-2.4.0/gems/turbolinks-source-5.1.0/lib/assets/javascripts
  /home/ubuntu/workspace/node_modules
  /usr/local/rvm/gems/ruby-2.4.0/gems/bootstrap-sass-3.3.7/assets/stylesheets
  /usr/local/rvm/gems/ruby-2.4.0/gems/bootstrap-sass-3.3.7/assets/javascripts
  /usr/local/rvm/gems/ruby-2.4.0/gems/bootstrap-sass-3.3.7/assets/fonts
  /usr/local/rvm/gems/ruby-2.4.0/gems/bootstrap-sass-3.3.7/assets/images):
    4:     <title>Twitter</title>
    5:     <%= csrf_meta_tags %>
    6: 
    7:     <%= stylesheet_link_tag    'application', media: 'all', 'data-turbolinks-track': 'reload' %>
    8:     <%= javascript_include_tag 'default', 'data-turbolinks-track': 'reload' %>
    9:   </head>
   10: 
  
app/assets/javascripts/application.js:12
app/views/layouts/application.html.erb:7:in `_app_views_layouts_application_html_erb__1655744988595455619_33779180'
Started GET "/" for 154.68.126.67 at 2018-02-19 10:35:02 +0000
Cannot render console from 154.68.126.67! Allowed networks: 127.0.0.1, ::1, 127.0.0.0/127.255.255.255
Processing by PagesController#index as HTML
  Rendering pages/index.html.erb within layouts/application
  Rendered pages/index.html.erb within layouts/application (0.5ms)
Completed 500 Internal Server Error in 10ms


  
ActionView::Template::Error (The asset "default.css" is not present in the asset pipeline.):
    4:     <title>Twitter</title>
    5:     <%= csrf_meta_tags %>
    6: 
    7:     <%= stylesheet_link_tag    'default', media: 'all', 'data-turbolinks-track': 'reload' %>
    8:     <%= javascript_include_tag 'default', 'data-turbolinks-track': 'reload' %>
    9:   </head>
   10: 
  
app/views/layouts/application.html.erb:7:in `_app_views_layouts_application_html_erb__1655744988595455619_70108140331760'
Started GET "/" for 154.68.126.67 at 2018-02-19 10:36:21 +0000
Cannot render console from 154.68.126.67! Allowed networks: 127.0.0.1, ::1, 127.0.0.0/127.255.255.255
Processing by PagesController#index as HTML
  Rendering pages/index.html.erb within layouts/application
  Rendered pages/index.html.erb within layouts/application (0.7ms)
Completed 500 Internal Server Error in 32ms


  
ActionView::Template::Error (couldn't find file 'jquery' with type 'application/javascript'
Checked in these paths: 
  /home/ubuntu/workspace/app/assets/config
  /home/ubuntu/workspace/app/assets/images
  /home/ubuntu/workspace/app/assets/javascripts
  /home/ubuntu/workspace/app/assets/stylesheets
  /usr/local/rvm/gems/ruby-2.4.0/gems/coffee-rails-4.2.2/lib/assets/javascripts
  /usr/local/rvm/gems/ruby-2.4.0/gems/jquery-ui-rails-6.0.1/app/assets/images
  /usr/local/rvm/gems/ruby-2.4.0/gems/jquery-ui-rails-6.0.1/app/assets/javascripts
  /usr/local/rvm/gems/ruby-2.4.0/gems/jquery-ui-rails-6.0.1/app/assets/stylesheets
  /usr/local/rvm/gems/ruby-2.4.0/gems/actioncable-5.1.5/lib/assets/compiled
  /usr/local/rvm/gems/ruby-2.4.0/gems/actionview-5.1.5/lib/assets/compiled
  /usr/local/rvm/gems/ruby-2.4.0/gems/turbolinks-source-5.1.0/lib/assets/javascripts
  /home/ubuntu/workspace/node_modules
  /usr/local/rvm/gems/ruby-2.4.0/gems/bootstrap-sass-3.3.7/assets/stylesheets
  /usr/local/rvm/gems/ruby-2.4.0/gems/bootstrap-sass-3.3.7/assets/javascripts
  /usr/local/rvm/gems/ruby-2.4.0/gems/bootstrap-sass-3.3.7/assets/fonts
  /usr/local/rvm/gems/ruby-2.4.0/gems/bootstrap-sass-3.3.7/assets/images):
    4:     <title>Twitter</title>
    5:     <%= csrf_meta_tags %>
    6: 
    7:     <%= stylesheet_link_tag    'application', media: 'all', 'data-turbolinks-track': 'reload' %>
    8:     <%= javascript_include_tag 'default', 'data-turbolinks-track': 'reload' %>
    9:   </head>
   10: 
  
app/assets/javascripts/application.js:12
app/views/layouts/application.html.erb:7:in `_app_views_layouts_application_html_erb__1655744988595455619_70108149075900'
Started GET "/" for 154.68.126.67 at 2018-02-19 11:02:00 +0000
Cannot render console from 154.68.126.67! Allowed networks: 127.0.0.1, ::1, 127.0.0.0/127.255.255.255
Processing by PagesController#index as HTML
  Rendering pages/index.html.erb within layouts/application
  Rendered pages/index.html.erb within layouts/application (0.6ms)
Completed 500 Internal Server Error in 52ms


  
ActionView::Template::Error (couldn't find file 'jquery' with type 'application/javascript'
Checked in these paths: 
  /home/ubuntu/workspace/app/assets/config
  /home/ubuntu/workspace/app/assets/images
  /home/ubuntu/workspace/app/assets/javascripts
  /home/ubuntu/workspace/app/assets/stylesheets
  /usr/local/rvm/gems/ruby-2.4.0/gems/coffee-rails-4.2.2/lib/assets/javascripts
  /usr/local/rvm/gems/ruby-2.4.0/gems/jquery-ui-rails-6.0.1/app/assets/images
  /usr/local/rvm/gems/ruby-2.4.0/gems/jquery-ui-rails-6.0.1/app/assets/javascripts
  /usr/local/rvm/gems/ruby-2.4.0/gems/jquery-ui-rails-6.0.1/app/assets/stylesheets
  /usr/local/rvm/gems/ruby-2.4.0/gems/actioncable-5.1.5/lib/assets/compiled
  /usr/local/rvm/gems/ruby-2.4.0/gems/actionview-5.1.5/lib/assets/compiled
  /usr/local/rvm/gems/ruby-2.4.0/gems/turbolinks-source-5.1.0/lib/assets/javascripts
  /home/ubuntu/workspace/node_modules
  /usr/local/rvm/gems/ruby-2.4.0/gems/bootstrap-sass-3.3.7/assets/stylesheets
  /usr/local/rvm/gems/ruby-2.4.0/gems/bootstrap-sass-3.3.7/assets/javascripts
  /usr/local/rvm/gems/ruby-2.4.0/gems/bootstrap-sass-3.3.7/assets/fonts
  /usr/local/rvm/gems/ruby-2.4.0/gems/bootstrap-sass-3.3.7/assets/images):
    4:     <title>Twitter</title>
    5:     <%= csrf_meta_tags %>
    6: 
    7:     <%= stylesheet_link_tag    'application', media: 'all', 'data-turbolinks-track': true %>
    8:     <%= javascript_include_tag 'application', 'data-turbolinks-track': true %>
    9:   </head>
   10: 
  
app/assets/javascripts/application.js:12
app/views/layouts/application.html.erb:7:in `_app_views_layouts_application_html_erb__1655744988595455619_70108141541060'
Started GET "/" for 154.68.126.67 at 2018-02-19 11:28:52 +0000
Cannot render console from 154.68.126.67! Allowed networks: 127.0.0.1, ::1, 127.0.0.0/127.255.255.255
Processing by PagesController#index as HTML
  Rendering pages/index.html.erb within layouts/application
  Rendered pages/index.html.erb within layouts/application (0.5ms)
Completed 500 Internal Server Error in 27ms


  
ActionView::Template::Error (couldn't find file 'jquery' with type 'application/javascript'
Checked in these paths: 
  /home/ubuntu/workspace/app/assets/config
  /home/ubuntu/workspace/app/assets/images
  /home/ubuntu/workspace/app/assets/javascripts
  /home/ubuntu/workspace/app/assets/stylesheets
  /usr/local/rvm/gems/ruby-2.4.0/gems/coffee-rails-4.2.2/lib/assets/javascripts
  /usr/local/rvm/gems/ruby-2.4.0/gems/jquery-ui-rails-6.0.1/app/assets/images
  /usr/local/rvm/gems/ruby-2.4.0/gems/jquery-ui-rails-6.0.1/app/assets/javascripts
  /usr/local/rvm/gems/ruby-2.4.0/gems/jquery-ui-rails-6.0.1/app/assets/stylesheets
  /usr/local/rvm/gems/ruby-2.4.0/gems/actioncable-5.1.5/lib/assets/compiled
  /usr/local/rvm/gems/ruby-2.4.0/gems/actionview-5.1.5/lib/assets/compiled
  /usr/local/rvm/gems/ruby-2.4.0/gems/turbolinks-source-5.1.0/lib/assets/javascripts
  /home/ubuntu/workspace/node_modules
  /usr/local/rvm/gems/ruby-2.4.0/gems/bootstrap-sass-3.3.7/assets/stylesheets
  /usr/local/rvm/gems/ruby-2.4.0/gems/bootstrap-sass-3.3.7/assets/javascripts
  /usr/local/rvm/gems/ruby-2.4.0/gems/bootstrap-sass-3.3.7/assets/fonts
  /usr/local/rvm/gems/ruby-2.4.0/gems/bootstrap-sass-3.3.7/assets/images):
    4:     <title>Twitter</title>
    5:     <%= csrf_meta_tags %>
    6: 
    7:    <%= stylesheet_link_tag    'application', media: 'all', 'data-turbolinks-track' => true %>
    8:     <%= javascript_include_tag "application", "data-turbolinks-track" => true %>
    9:   </head>
   10: 
  
app/assets/javascripts/application.js:12
app/views/layouts/application.html.erb:7:in `_app_views_layouts_application_html_erb__1655744988595455619_70108146265580'
Started GET "/" for 154.68.126.67 at 2018-02-19 11:33:32 +0000
Cannot render console from 154.68.126.67! Allowed networks: 127.0.0.1, ::1, 127.0.0.0/127.255.255.255
Processing by PagesController#index as HTML
  Rendering pages/index.html.erb within layouts/application
  Rendered pages/index.html.erb within layouts/application (0.6ms)
Completed 500 Internal Server Error in 53ms


  
ActionView::Template::Error (couldn't find file 'jquery' with type 'application/javascript'
Checked in these paths: 
  /home/ubuntu/workspace/app/assets/config
  /home/ubuntu/workspace/app/assets/images
  /home/ubuntu/workspace/app/assets/javascripts
  /home/ubuntu/workspace/app/assets/stylesheets
  /usr/local/rvm/gems/ruby-2.4.0/gems/coffee-rails-4.2.2/lib/assets/javascripts
  /usr/local/rvm/gems/ruby-2.4.0/gems/jquery-ui-rails-6.0.1/app/assets/images
  /usr/local/rvm/gems/ruby-2.4.0/gems/jquery-ui-rails-6.0.1/app/assets/javascripts
  /usr/local/rvm/gems/ruby-2.4.0/gems/jquery-ui-rails-6.0.1/app/assets/stylesheets
  /usr/local/rvm/gems/ruby-2.4.0/gems/actioncable-5.1.5/lib/assets/compiled
  /usr/local/rvm/gems/ruby-2.4.0/gems/actionview-5.1.5/lib/assets/compiled
  /usr/local/rvm/gems/ruby-2.4.0/gems/turbolinks-source-5.1.0/lib/assets/javascripts
  /home/ubuntu/workspace/node_modules
  /usr/local/rvm/gems/ruby-2.4.0/gems/bootstrap-sass-3.3.7/assets/stylesheets
  /usr/local/rvm/gems/ruby-2.4.0/gems/bootstrap-sass-3.3.7/assets/javascripts
  /usr/local/rvm/gems/ruby-2.4.0/gems/bootstrap-sass-3.3.7/assets/fonts
  /usr/local/rvm/gems/ruby-2.4.0/gems/bootstrap-sass-3.3.7/assets/images):
    4:     <title>Twitter</title>
    5:     <%= csrf_meta_tags %>
    6: 
    7:    <%= stylesheet_link_tag    'application', media: 'all', 'data-turbolinks-track' => true %>
    8:     <%= javascript_include_tag "application", "data-turbolinks-track" => true %>
    9:   </head>
   10: 
  
app/assets/javascripts/application.js:12
app/views/layouts/application.html.erb:7:in `_app_views_layouts_application_html_erb__1655744988595455619_21231480'
Started GET "/" for 219.113.146.130 at 2018-02-19 11:56:39 +0000
Cannot render console from 219.113.146.130! Allowed networks: 127.0.0.1, ::1, 127.0.0.0/127.255.255.255
Processing by PagesController#index as HTML
  Rendering pages/index.html.erb within layouts/application
  Rendered pages/index.html.erb within layouts/application (0.5ms)
Completed 500 Internal Server Error in 199ms


  
ActionView::Template::Error (couldn't find file 'jquery' with type 'application/javascript'
Checked in these paths: 
  /home/ubuntu/workspace/app/assets/config
  /home/ubuntu/workspace/app/assets/images
  /home/ubuntu/workspace/app/assets/javascripts
  /home/ubuntu/workspace/app/assets/stylesheets
  /usr/local/rvm/gems/ruby-2.4.0/gems/coffee-rails-4.2.2/lib/assets/javascripts
  /usr/local/rvm/gems/ruby-2.4.0/gems/jquery-ui-rails-6.0.1/app/assets/images
  /usr/local/rvm/gems/ruby-2.4.0/gems/jquery-ui-rails-6.0.1/app/assets/javascripts
  /usr/local/rvm/gems/ruby-2.4.0/gems/jquery-ui-rails-6.0.1/app/assets/stylesheets
  /usr/local/rvm/gems/ruby-2.4.0/gems/actioncable-5.1.5/lib/assets/compiled
  /usr/local/rvm/gems/ruby-2.4.0/gems/actionview-5.1.5/lib/assets/compiled
  /usr/local/rvm/gems/ruby-2.4.0/gems/turbolinks-source-5.1.0/lib/assets/javascripts
  /home/ubuntu/workspace/node_modules
  /usr/local/rvm/gems/ruby-2.4.0/gems/bootstrap-sass-3.3.7/assets/stylesheets
  /usr/local/rvm/gems/ruby-2.4.0/gems/bootstrap-sass-3.3.7/assets/javascripts
  /usr/local/rvm/gems/ruby-2.4.0/gems/bootstrap-sass-3.3.7/assets/fonts
  /usr/local/rvm/gems/ruby-2.4.0/gems/bootstrap-sass-3.3.7/assets/images):
    4:     <title>Twitter</title>
    5:     <%= csrf_meta_tags %>
    6: 
    7:    <%= stylesheet_link_tag    'application', media: 'all', 'data-turbolinks-track' => true %>
    8:     <%= javascript_include_tag "application", "data-turbolinks-track" => true %>
    9:   </head>
   10: 
  
app/assets/javascripts/application.js:12
app/views/layouts/application.html.erb:7:in `_app_views_layouts_application_html_erb__1655744988595455619_70108144382660'
Started GET "/" for 154.68.126.68 at 2018-02-20 14:34:45 +0000
Cannot render console from 154.68.126.68! Allowed networks: 127.0.0.1, ::1, 127.0.0.0/127.255.255.255
Processing by PagesController#index as HTML
  Rendering pages/index.html.erb within layouts/application
  Rendered pages/index.html.erb within layouts/application (0.5ms)
Completed 500 Internal Server Error in 27ms


  
ActionView::Template::Error (couldn't find file 'jquery' with type 'application/javascript'
Checked in these paths: 
  /home/ubuntu/workspace/app/assets/config
  /home/ubuntu/workspace/app/assets/images
  /home/ubuntu/workspace/app/assets/javascripts
  /home/ubuntu/workspace/app/assets/stylesheets
  /usr/local/rvm/gems/ruby-2.4.0/gems/coffee-rails-4.2.2/lib/assets/javascripts
  /usr/local/rvm/gems/ruby-2.4.0/gems/jquery-ui-rails-6.0.1/app/assets/images
  /usr/local/rvm/gems/ruby-2.4.0/gems/jquery-ui-rails-6.0.1/app/assets/javascripts
  /usr/local/rvm/gems/ruby-2.4.0/gems/jquery-ui-rails-6.0.1/app/assets/stylesheets
  /usr/local/rvm/gems/ruby-2.4.0/gems/actioncable-5.1.5/lib/assets/compiled
  /usr/local/rvm/gems/ruby-2.4.0/gems/actionview-5.1.5/lib/assets/compiled
  /usr/local/rvm/gems/ruby-2.4.0/gems/turbolinks-source-5.1.0/lib/assets/javascripts
  /home/ubuntu/workspace/node_modules
  /usr/local/rvm/gems/ruby-2.4.0/gems/bootstrap-sass-3.3.7/assets/stylesheets
  /usr/local/rvm/gems/ruby-2.4.0/gems/bootstrap-sass-3.3.7/assets/javascripts
  /usr/local/rvm/gems/ruby-2.4.0/gems/bootstrap-sass-3.3.7/assets/fonts
  /usr/local/rvm/gems/ruby-2.4.0/gems/bootstrap-sass-3.3.7/assets/images):
    4:     <title>Twitter</title>
    5:     <%= csrf_meta_tags %>
    6: 
    7:    <%= stylesheet_link_tag    'application', media: 'all', 'data-turbolinks-track' => true %>
    8:     <%= javascript_include_tag "application", "data-turbolinks-track" => true %>
    9:   </head>
   10: 
  
app/assets/javascripts/application.js:12
app/views/layouts/application.html.erb:7:in `_app_views_layouts_application_html_erb__1655744988595455619_70108131383200'
Started GET "/" for 154.68.126.68 at 2018-02-20 15:12:19 +0000
Cannot render console from 154.68.126.68! Allowed networks: 127.0.0.1, ::1, 127.0.0.0/127.255.255.255
Processing by PagesController#index as HTML
  Rendering pages/index.html.erb within layouts/application
  Rendered pages/index.html.erb within layouts/application (1.4ms)
Completed 500 Internal Server Error in 2984ms


  
ActionView::Template::Error (Invalid CSS after "...t/css/bootstrap": expected "{", was ""):
    4:     <title>Twitter</title>
    5:     <%= csrf_meta_tags %>
    6: 
    7:    <%= stylesheet_link_tag    'application', media: 'all', 'data-turbolinks-track' => true %>
    8:     <%= javascript_include_tag "application", "data-turbolinks-track" => true %>
    9:   </head>
   10: 
  
app/assets/stylesheets/application.scss:19
app/views/layouts/application.html.erb:7:in `_app_views_layouts_application_html_erb__1573821390320261443_70008977066740'
Started GET "/" for 154.68.126.68 at 2018-02-20 15:18:49 +0000
Cannot render console from 154.68.126.68! Allowed networks: 127.0.0.1, ::1, 127.0.0.0/127.255.255.255
Processing by PagesController#index as HTML
  Rendering pages/index.html.erb within layouts/application
  Rendered pages/index.html.erb within layouts/application (1.3ms)
Completed 500 Internal Server Error in 10206ms


  
ActionView::Template::Error (couldn't find file 'bootstrap/dist/js/bootstrap' with type 'application/javascript'
Checked in these paths: 
  /home/ubuntu/workspace/app/assets/config
  /home/ubuntu/workspace/app/assets/images
  /home/ubuntu/workspace/app/assets/javascripts
  /home/ubuntu/workspace/app/assets/stylesheets
  /usr/local/rvm/gems/ruby-2.4.0/gems/coffee-rails-4.2.2/lib/assets/javascripts
  /usr/local/rvm/gems/ruby-2.4.0/gems/actioncable-5.1.5/lib/assets/compiled
  /usr/local/rvm/gems/ruby-2.4.0/gems/actionview-5.1.5/lib/assets/compiled
  /usr/local/rvm/gems/ruby-2.4.0/gems/rails-ujs-0.1.0/dist
  /usr/local/rvm/gems/ruby-2.4.0/gems/turbolinks-source-5.1.0/lib/assets/javascripts
  /home/ubuntu/workspace/node_modules
  /usr/local/rvm/gems/ruby-2.4.0/gems/bootstrap-sass-3.3.7/assets/stylesheets
  /usr/local/rvm/gems/ruby-2.4.0/gems/bootstrap-sass-3.3.7/assets/javascripts
  /usr/local/rvm/gems/ruby-2.4.0/gems/bootstrap-sass-3.3.7/assets/fonts
  /usr/local/rvm/gems/ruby-2.4.0/gems/bootstrap-sass-3.3.7/assets/images):
    4:     <title>Twitter</title>
    5:     <%= csrf_meta_tags %>
    6: 
    7:    <%= stylesheet_link_tag    'application', media: 'all', 'data-turbolinks-track' => true %>
    8:     <%= javascript_include_tag "application", "data-turbolinks-track" => true %>
    9:   </head>
   10: 
  
app/assets/javascripts/application.js:16
app/views/layouts/application.html.erb:7:in `_app_views_layouts_application_html_erb__1573821390320261443_70008988494580'
Started GET "/" for 154.68.126.68 at 2018-02-20 15:37:40 +0000
Cannot render console from 154.68.126.68! Allowed networks: 127.0.0.1, ::1, 127.0.0.0/127.255.255.255
Processing by PagesController#index as HTML
  Rendering pages/index.html.erb within layouts/application
  Rendered pages/index.html.erb within layouts/application (1.7ms)
Completed 500 Internal Server Error in 2393ms


  
ActionView::Template::Error (Invalid CSS after "...t/css/bootstrap": expected "{", was ""):
    4:     <title>Twitter</title>
    5:     <%= csrf_meta_tags %>
    6: 
    7:    <%= stylesheet_link_tag    'application', media: 'all', 'data-turbolinks-track' => true %>
    8:     <%= javascript_include_tag "application", "data-turbolinks-track" => true %>
    9:   </head>
   10: 
  
app/assets/stylesheets/application.scss:19
app/views/layouts/application.html.erb:7:in `_app_views_layouts_application_html_erb__3128606127656523232_40894140'
Started GET "/" for 154.68.126.68 at 2018-02-20 15:41:10 +0000
Cannot render console from 154.68.126.68! Allowed networks: 127.0.0.1, ::1, 127.0.0.0/127.255.255.255
Processing by PagesController#index as HTML
  Rendering pages/index.html.erb within layouts/application
  Rendered pages/index.html.erb within layouts/application (0.5ms)
Completed 200 OK in 12628ms (Views: 12627.1ms)


Started GET "/" for 154.68.126.68 at 2018-02-20 16:25:24 +0000
Cannot render console from 154.68.126.68! Allowed networks: 127.0.0.1, ::1, 127.0.0.0/127.255.255.255
Processing by PagesController#index as HTML
  Rendering pages/index.html.erb within layouts/application
  Rendered pages/index.html.erb within layouts/application (0.4ms)
  Rendered layouts/_nav.html.erb (0.5ms)
Completed 200 OK in 31ms (Views: 29.1ms)


Started GET "/" for 154.68.126.68 at 2018-02-20 16:25:27 +0000
Cannot render console from 154.68.126.68! Allowed networks: 127.0.0.1, ::1, 127.0.0.0/127.255.255.255
Processing by PagesController#index as HTML
  Rendering pages/index.html.erb within layouts/application
  Rendered pages/index.html.erb within layouts/application (0.6ms)
  Rendered layouts/_nav.html.erb (0.4ms)
Completed 200 OK in 140ms (Views: 26.0ms)


Started GET "/" for 154.68.126.68 at 2018-02-20 16:25:31 +0000
Cannot render console from 154.68.126.68! Allowed networks: 127.0.0.1, ::1, 127.0.0.0/127.255.255.255
Processing by PagesController#index as HTML
  Rendering pages/index.html.erb within layouts/application
  Rendered pages/index.html.erb within layouts/application (0.5ms)
  Rendered layouts/_nav.html.erb (0.5ms)
Completed 200 OK in 186ms (Views: 184.3ms)


Started GET "/" for 154.68.126.68 at 2018-02-20 16:25:57 +0000
Cannot render console from 154.68.126.68! Allowed networks: 127.0.0.1, ::1, 127.0.0.0/127.255.255.255
Processing by PagesController#index as HTML
  Rendering pages/index.html.erb within layouts/application
  Rendered pages/index.html.erb within layouts/application (0.5ms)
  Rendered layouts/_nav.html.erb (0.5ms)
Completed 200 OK in 181ms (Views: 180.0ms)


Started GET "/" for 41.186.56.0 at 2018-02-21 08:43:41 +0000
Cannot render console from 41.186.56.0! Allowed networks: 127.0.0.1, ::1, 127.0.0.0/127.255.255.255
Processing by PagesController#index as HTML
  Rendering pages/index.html.erb within layouts/application
  Rendered pages/index.html.erb within layouts/application (0.7ms)
  Rendered layouts/_nav.html.erb (0.5ms)
Completed 200 OK in 610ms (Views: 602.6ms)


Started GET "/" for 41.186.56.0 at 2018-02-21 08:43:48 +0000
Cannot render console from 41.186.56.0! Allowed networks: 127.0.0.1, ::1, 127.0.0.0/127.255.255.255
Processing by PagesController#index as HTML
  Rendering pages/index.html.erb within layouts/application
  Rendered pages/index.html.erb within layouts/application (0.5ms)
  Rendered layouts/_nav.html.erb (0.6ms)
Completed 200 OK in 212ms (Views: 210.1ms)


Started GET "/" for 41.186.56.0 at 2018-02-21 08:43:53 +0000
Cannot render console from 41.186.56.0! Allowed networks: 127.0.0.1, ::1, 127.0.0.0/127.255.255.255
Processing by PagesController#index as HTML
  Rendering pages/index.html.erb within layouts/application
  Rendered pages/index.html.erb within layouts/application (0.5ms)
  Rendered layouts/_nav.html.erb (0.5ms)
Completed 200 OK in 210ms (Views: 208.4ms)


Started GET "/" for 41.186.56.0 at 2018-02-21 08:44:03 +0000
Cannot render console from 41.186.56.0! Allowed networks: 127.0.0.1, ::1, 127.0.0.0/127.255.255.255
Processing by PagesController#index as HTML
  Rendering pages/index.html.erb within layouts/application
  Rendered pages/index.html.erb within layouts/application (0.7ms)
  Rendered layouts/_nav.html.erb (0.6ms)
Completed 200 OK in 386ms (Views: 384.3ms)


Started GET "/" for 41.186.56.0 at 2018-02-21 08:44:13 +0000
Cannot render console from 41.186.56.0! Allowed networks: 127.0.0.1, ::1, 127.0.0.0/127.255.255.255
Processing by PagesController#index as HTML
  Rendering pages/index.html.erb within layouts/application
  Rendered pages/index.html.erb within layouts/application (0.5ms)
  Rendered layouts/_nav.html.erb (0.5ms)
Completed 200 OK in 211ms (Views: 209.4ms)


Started GET "/" for 41.186.56.0 at 2018-02-21 08:44:55 +0000
Cannot render console from 41.186.56.0! Allowed networks: 127.0.0.1, ::1, 127.0.0.0/127.255.255.255
Processing by PagesController#index as HTML
  Rendering pages/index.html.erb within layouts/application
  Rendered pages/index.html.erb within layouts/application (0.4ms)
  Rendered layouts/_nav.html.erb (0.4ms)
Completed 200 OK in 207ms (Views: 206.2ms)


Started GET "/" for 41.186.56.0 at 2018-02-21 08:46:47 +0000
Cannot render console from 41.186.56.0! Allowed networks: 127.0.0.1, ::1, 127.0.0.0/127.255.255.255
Processing by PagesController#index as HTML
  Rendering pages/index.html.erb within layouts/application
  Rendered pages/index.html.erb within layouts/application (0.7ms)
  Rendered layouts/_nav.html.erb (0.6ms)
Completed 200 OK in 346ms (Views: 220.0ms)


Started GET "/" for 41.186.56.0 at 2018-02-21 08:46:52 +0000
Cannot render console from 41.186.56.0! Allowed networks: 127.0.0.1, ::1, 127.0.0.0/127.255.255.255
Processing by PagesController#index as HTML
  Rendering pages/index.html.erb within layouts/application
  Rendered pages/index.html.erb within layouts/application (0.4ms)
  Rendered layouts/_nav.html.erb (0.4ms)
Completed 200 OK in 188ms (Views: 186.8ms)


Started GET "/" for 41.186.56.0 at 2018-02-21 08:46:55 +0000
Cannot render console from 41.186.56.0! Allowed networks: 127.0.0.1, ::1, 127.0.0.0/127.255.255.255
Processing by PagesController#index as HTML
  Rendering pages/index.html.erb within layouts/application
  Rendered pages/index.html.erb within layouts/application (0.5ms)
  Rendered layouts/_nav.html.erb (0.5ms)
Completed 200 OK in 210ms (Views: 208.4ms)


Started GET "/" for 41.186.56.0 at 2018-02-21 08:47:42 +0000
Cannot render console from 41.186.56.0! Allowed networks: 127.0.0.1, ::1, 127.0.0.0/127.255.255.255
Processing by PagesController#index as HTML
  Rendering pages/index.html.erb within layouts/application
  Rendered pages/index.html.erb within layouts/application (0.5ms)
  Rendered layouts/_nav.html.erb (0.4ms)
Completed 200 OK in 292ms (Views: 206.3ms)


Started GET "/" for 41.186.56.0 at 2018-02-21 08:48:02 +0000
Cannot render console from 41.186.56.0! Allowed networks: 127.0.0.1, ::1, 127.0.0.0/127.255.255.255
Processing by PagesController#index as HTML
  Rendering pages/index.html.erb within layouts/application
  Rendered pages/index.html.erb within layouts/application (0.4ms)
  Rendered layouts/_nav.html.erb (0.4ms)
Completed 200 OK in 26ms (Views: 25.2ms)


Started GET "/" for 41.186.56.0 at 2018-02-21 08:48:55 +0000
Cannot render console from 41.186.56.0! Allowed networks: 127.0.0.1, ::1, 127.0.0.0/127.255.255.255
Processing by PagesController#index as HTML
  Rendering pages/index.html.erb within layouts/application
  Rendered pages/index.html.erb within layouts/application (0.5ms)
  Rendered layouts/_nav.html.erb (0.5ms)
Completed 200 OK in 215ms (Views: 212.9ms)


Started GET "/" for 41.186.56.0 at 2018-02-21 08:50:25 +0000
Cannot render console from 41.186.56.0! Allowed networks: 127.0.0.1, ::1, 127.0.0.0/127.255.255.255
Processing by PagesController#index as HTML
  Rendering pages/index.html.erb within layouts/application
  Rendered pages/index.html.erb within layouts/application (0.6ms)
  Rendered layouts/_nav.html.erb (0.5ms)
Completed 200 OK in 404ms (Views: 402.6ms)


Started GET "/" for 41.186.56.0 at 2018-02-21 08:54:29 +0000
Cannot render console from 41.186.56.0! Allowed networks: 127.0.0.1, ::1, 127.0.0.0/127.255.255.255
Processing by PagesController#index as HTML
  Rendering pages/index.html.erb within layouts/application
  Rendered pages/index.html.erb within layouts/application (0.5ms)
  Rendered layouts/_nav.html.erb (0.5ms)
Completed 200 OK in 220ms (Views: 217.5ms)


Started GET "/" for 41.186.56.0 at 2018-02-21 08:58:24 +0000
Cannot render console from 41.186.56.0! Allowed networks: 127.0.0.1, ::1, 127.0.0.0/127.255.255.255
Processing by PagesController#index as HTML
  Rendering pages/index.html.erb within layouts/application
  Rendered pages/index.html.erb within layouts/application (0.6ms)
  Rendered layouts/_nav.html.erb (0.5ms)
Completed 200 OK in 604ms (Views: 600.6ms)


Started GET "/" for 41.186.56.0 at 2018-02-21 09:00:01 +0000
Cannot render console from 41.186.56.0! Allowed networks: 127.0.0.1, ::1, 127.0.0.0/127.255.255.255
Processing by PagesController#index as HTML
  Rendering pages/index.html.erb within layouts/application
  Rendered pages/index.html.erb within layouts/application (0.6ms)
  Rendered layouts/_nav.html.erb (0.6ms)
Completed 200 OK in 217ms (Views: 215.2ms)


